<?xml version="1.0" encoding="UTF-8"?>
<testsuite xmlns:xsi="http://www.w3.org/2001/XMLSchema-instance" xsi:noNamespaceSchemaLocation="https://maven.apache.org/surefire/maven-surefire-plugin/xsd/surefire-test-report.xsd" name="userTest.RegisterUserTest" time="3.024" tests="5" errors="0" skipped="0" failures="0">
  <properties>
    <property name="sun.desktop" value="windows"/>
    <property name="awt.toolkit" value="sun.awt.windows.WToolkit"/>
    <property name="java.specification.version" value="11"/>
    <property name="sun.cpu.isalist" value="amd64"/>
    <property name="sun.jnu.encoding" value="Cp1251"/>
    <property name="java.class.path" value="C:\Users\Sveta\Desktop\diplom__2\target\test-classes;C:\Users\Sveta\Desktop\diplom__2\target\classes;C:\Users\Sveta\.m2\repository\junit\junit\4.13.2\junit-4.13.2.jar;C:\Users\Sveta\.m2\repository\org\hamcrest\hamcrest-core\1.3\hamcrest-core-1.3.jar;C:\Users\Sveta\.m2\repository\io\qameta\allure\allure-junit4\2.22.1\allure-junit4-2.22.1.jar;C:\Users\Sveta\.m2\repository\io\qameta\allure\allure-java-commons\2.22.1\allure-java-commons-2.22.1.jar;C:\Users\Sveta\.m2\repository\org\slf4j\slf4j-api\1.7.36\slf4j-api-1.7.36.jar;C:\Users\Sveta\.m2\repository\io\qameta\allure\allure-model\2.22.1\allure-model-2.22.1.jar;C:\Users\Sveta\.m2\repository\io\qameta\allure\allure-rest-assured\2.22.1\allure-rest-assured-2.22.1.jar;C:\Users\Sveta\.m2\repository\io\qameta\allure\allure-attachments\2.22.1\allure-attachments-2.22.1.jar;C:\Users\Sveta\.m2\repository\org\freemarker\freemarker\2.3.31\freemarker-2.3.31.jar;C:\Users\Sveta\.m2\repository\io\rest-assured\rest-assured\5.3.0\rest-assured-5.3.0.jar;C:\Users\Sveta\.m2\repository\org\apache\groovy\groovy\4.0.6\groovy-4.0.6.jar;C:\Users\Sveta\.m2\repository\org\apache\groovy\groovy-xml\4.0.6\groovy-xml-4.0.6.jar;C:\Users\Sveta\.m2\repository\org\apache\httpcomponents\httpclient\4.5.13\httpclient-4.5.13.jar;C:\Users\Sveta\.m2\repository\org\apache\httpcomponents\httpcore\4.4.13\httpcore-4.4.13.jar;C:\Users\Sveta\.m2\repository\commons-logging\commons-logging\1.2\commons-logging-1.2.jar;C:\Users\Sveta\.m2\repository\commons-codec\commons-codec\1.11\commons-codec-1.11.jar;C:\Users\Sveta\.m2\repository\org\apache\httpcomponents\httpmime\4.5.13\httpmime-4.5.13.jar;C:\Users\Sveta\.m2\repository\org\hamcrest\hamcrest\2.1\hamcrest-2.1.jar;C:\Users\Sveta\.m2\repository\org\ccil\cowan\tagsoup\tagsoup\1.2.1\tagsoup-1.2.1.jar;C:\Users\Sveta\.m2\repository\io\rest-assured\json-path\5.3.0\json-path-5.3.0.jar;C:\Users\Sveta\.m2\repository\org\apache\groovy\groovy-json\4.0.6\groovy-json-4.0.6.jar;C:\Users\Sveta\.m2\repository\io\rest-assured\rest-assured-common\5.3.0\rest-assured-common-5.3.0.jar;C:\Users\Sveta\.m2\repository\io\rest-assured\xml-path\5.3.0\xml-path-5.3.0.jar;C:\Users\Sveta\.m2\repository\com\google\code\gson\gson\2.8.9\gson-2.8.9.jar;C:\Users\Sveta\.m2\repository\org\hibernate\validator\hibernate-validator\6.0.10.Final\hibernate-validator-6.0.10.Final.jar;C:\Users\Sveta\.m2\repository\javax\validation\validation-api\2.0.1.Final\validation-api-2.0.1.Final.jar;C:\Users\Sveta\.m2\repository\org\jboss\logging\jboss-logging\3.3.2.Final\jboss-logging-3.3.2.Final.jar;C:\Users\Sveta\.m2\repository\com\fasterxml\classmate\1.3.4\classmate-1.3.4.jar;C:\Users\Sveta\.m2\repository\com\github\javafaker\javafaker\1.0.2\javafaker-1.0.2.jar;C:\Users\Sveta\.m2\repository\org\apache\commons\commons-lang3\3.5\commons-lang3-3.5.jar;C:\Users\Sveta\.m2\repository\org\yaml\snakeyaml\1.23\snakeyaml-1.23-android.jar;C:\Users\Sveta\.m2\repository\com\github\mifmif\generex\1.0.2\generex-1.0.2.jar;C:\Users\Sveta\.m2\repository\dk\brics\automaton\automaton\1.11-8\automaton-1.11-8.jar;"/>
    <property name="java.vm.vendor" value="GraalVM Community"/>
    <property name="sun.arch.data.model" value="64"/>
    <property name="user.variant" value=""/>
    <property name="java.vendor.url" value="https://www.graalvm.org/"/>
    <property name="user.timezone" value="Europe/Moscow"/>
    <property name="java.vm.specification.version" value="11"/>
    <property name="os.name" value="Windows 10"/>
    <property name="sun.java.launcher" value="SUN_STANDARD"/>
    <property name="user.country" value="RU"/>
    <property name="sun.boot.library.path" value="C:\Program Files\GraalVM\graalvm-ce-java11-22.0.0.2\bin"/>
    <property name="sun.java.command" value="C:\Users\Sveta\AppData\Local\Temp\surefire10831494570067758768\surefirebooter14016270306899305406.jar C:\Users\Sveta\AppData\Local\Temp\surefire10831494570067758768 2023-10-03T18-59-19_892-jvmRun1 surefire9961823898276520811tmp surefire_014304919123136638313tmp"/>
    <property name="jdk.debug" value="release"/>
    <property name="surefire.test.class.path" value="C:\Users\Sveta\Desktop\diplom__2\target\test-classes;C:\Users\Sveta\Desktop\diplom__2\target\classes;C:\Users\Sveta\.m2\repository\junit\junit\4.13.2\junit-4.13.2.jar;C:\Users\Sveta\.m2\repository\org\hamcrest\hamcrest-core\1.3\hamcrest-core-1.3.jar;C:\Users\Sveta\.m2\repository\io\qameta\allure\allure-junit4\2.22.1\allure-junit4-2.22.1.jar;C:\Users\Sveta\.m2\repository\io\qameta\allure\allure-java-commons\2.22.1\allure-java-commons-2.22.1.jar;C:\Users\Sveta\.m2\repository\org\slf4j\slf4j-api\1.7.36\slf4j-api-1.7.36.jar;C:\Users\Sveta\.m2\repository\io\qameta\allure\allure-model\2.22.1\allure-model-2.22.1.jar;C:\Users\Sveta\.m2\repository\io\qameta\allure\allure-rest-assured\2.22.1\allure-rest-assured-2.22.1.jar;C:\Users\Sveta\.m2\repository\io\qameta\allure\allure-attachments\2.22.1\allure-attachments-2.22.1.jar;C:\Users\Sveta\.m2\repository\org\freemarker\freemarker\2.3.31\freemarker-2.3.31.jar;C:\Users\Sveta\.m2\repository\io\rest-assured\rest-assured\5.3.0\rest-assured-5.3.0.jar;C:\Users\Sveta\.m2\repository\org\apache\groovy\groovy\4.0.6\groovy-4.0.6.jar;C:\Users\Sveta\.m2\repository\org\apache\groovy\groovy-xml\4.0.6\groovy-xml-4.0.6.jar;C:\Users\Sveta\.m2\repository\org\apache\httpcomponents\httpclient\4.5.13\httpclient-4.5.13.jar;C:\Users\Sveta\.m2\repository\org\apache\httpcomponents\httpcore\4.4.13\httpcore-4.4.13.jar;C:\Users\Sveta\.m2\repository\commons-logging\commons-logging\1.2\commons-logging-1.2.jar;C:\Users\Sveta\.m2\repository\commons-codec\commons-codec\1.11\commons-codec-1.11.jar;C:\Users\Sveta\.m2\repository\org\apache\httpcomponents\httpmime\4.5.13\httpmime-4.5.13.jar;C:\Users\Sveta\.m2\repository\org\hamcrest\hamcrest\2.1\hamcrest-2.1.jar;C:\Users\Sveta\.m2\repository\org\ccil\cowan\tagsoup\tagsoup\1.2.1\tagsoup-1.2.1.jar;C:\Users\Sveta\.m2\repository\io\rest-assured\json-path\5.3.0\json-path-5.3.0.jar;C:\Users\Sveta\.m2\repository\org\apache\groovy\groovy-json\4.0.6\groovy-json-4.0.6.jar;C:\Users\Sveta\.m2\repository\io\rest-assured\rest-assured-common\5.3.0\rest-assured-common-5.3.0.jar;C:\Users\Sveta\.m2\repository\io\rest-assured\xml-path\5.3.0\xml-path-5.3.0.jar;C:\Users\Sveta\.m2\repository\com\google\code\gson\gson\2.8.9\gson-2.8.9.jar;C:\Users\Sveta\.m2\repository\org\hibernate\validator\hibernate-validator\6.0.10.Final\hibernate-validator-6.0.10.Final.jar;C:\Users\Sveta\.m2\repository\javax\validation\validation-api\2.0.1.Final\validation-api-2.0.1.Final.jar;C:\Users\Sveta\.m2\repository\org\jboss\logging\jboss-logging\3.3.2.Final\jboss-logging-3.3.2.Final.jar;C:\Users\Sveta\.m2\repository\com\fasterxml\classmate\1.3.4\classmate-1.3.4.jar;C:\Users\Sveta\.m2\repository\com\github\javafaker\javafaker\1.0.2\javafaker-1.0.2.jar;C:\Users\Sveta\.m2\repository\org\apache\commons\commons-lang3\3.5\commons-lang3-3.5.jar;C:\Users\Sveta\.m2\repository\org\yaml\snakeyaml\1.23\snakeyaml-1.23-android.jar;C:\Users\Sveta\.m2\repository\com\github\mifmif\generex\1.0.2\generex-1.0.2.jar;C:\Users\Sveta\.m2\repository\dk\brics\automaton\automaton\1.11-8\automaton-1.11-8.jar;"/>
    <property name="sun.cpu.endian" value="little"/>
    <property name="allure.results.directory" value="C:\Users\Sveta\Desktop\diplom__2\target/allure-results"/>
    <property name="user.home" value="C:\Users\Sveta"/>
    <property name="user.language" value="ru"/>
    <property name="java.specification.vendor" value="Oracle Corporation"/>
    <property name="java.version.date" value="2022-01-18"/>
    <property name="java.home" value="C:\Program Files\GraalVM\graalvm-ce-java11-22.0.0.2"/>
    <property name="file.separator" value="\"/>
    <property name="basedir" value="C:\Users\Sveta\Desktop\diplom__2"/>
    <property name="java.vm.compressedOopsMode" value="Zero based"/>
    <property name="line.separator" value="&#10;"/>
    <property name="jdk.internal.vm.ci.enabled" value="true"/>
    <property name="java.specification.name" value="Java Platform API Specification"/>
    <property name="java.vm.specification.vendor" value="Oracle Corporation"/>
    <property name="java.awt.graphicsenv" value="sun.awt.Win32GraphicsEnvironment"/>
    <property name="surefire.real.class.path" value="C:\Users\Sveta\AppData\Local\Temp\surefire10831494570067758768\surefirebooter14016270306899305406.jar"/>
    <property name="user.script" value=""/>
    <property name="sun.management.compiler" value="HotSpot 64-Bit Tiered Compilers"/>
    <property name="java.runtime.version" value="11.0.14+9-jvmci-22.0-b05"/>
    <property name="user.name" value="Sveta"/>
    <property name="path.separator" value=";"/>
    <property name="os.version" value="10.0"/>
    <property name="java.runtime.name" value="OpenJDK Runtime Environment"/>
    <property name="file.encoding" value="Cp1251"/>
    <property name="java.vm.name" value="OpenJDK 64-Bit Server VM"/>
    <property name="java.vendor.version" value="GraalVM CE 22.0.0.2"/>
    <property name="localRepository" value="C:\Users\Sveta\.m2\repository"/>
    <property name="java.vendor.url.bug" value="https://github.com/oracle/graal/issues"/>
    <property name="java.io.tmpdir" value="C:\Users\Sveta\AppData\Local\Temp\"/>
    <property name="idea.version" value="2022.3.2"/>
    <property name="java.version" value="11.0.14"/>
    <property name="user.dir" value="C:\Users\Sveta\Desktop\diplom__2"/>
    <property name="os.arch" value="amd64"/>
    <property name="java.vm.specification.name" value="Java Virtual Machine Specification"/>
    <property name="java.awt.printerjob" value="sun.awt.windows.WPrinterJob"/>
    <property name="sun.os.patch.level" value=""/>
    <property name="java.library.path" value="C:\Program Files\GraalVM\graalvm-ce-java11-22.0.0.2\bin;C:\Windows\Sun\Java\bin;C:\Windows\system32;C:\Windows;C:\Program Files\Amazon Corretto\jdk11.0.18_10\bin;C:\Users\Sveta\Desktop\apache-maven-3.8.7\bin;C:\Python310\Scripts\;C:\Python310\;C:\Program Files\Common Files\Oracle\Java\javapath;C:\Windows\system32;C:\Windows;C:\Windows\System32\Wbem;C:\Windows\System32\WindowsPowerShell\v1.0\;C:\Windows\System32\OpenSSH\;C:\Program Files (x86)\NVIDIA Corporation\PhysX\Common;C:\Program Files\WireGuard\;C:\ProgramData\chocolatey\bin;C:\Program Files\Git\cmd;C:\Program Files\GraalVM\graalvm-ce-java11-22.0.0.2\bin;C:\ProgramData\chocolatey\lib\maven\apache-maven-3.8.5\bin;C:\WebDriver\bin;C:\Users\Sveta\Desktop\allure-commandline-2.22.1\allure-2.22.1\bin;C:\Program Files\Docker\Docker\resources\bin;C:\Program Files\PuTTY\;C:\Program Files\nodejs\;C:\Users\Sveta\AppData\Local\Android\Sdk;C:\Users\Sveta\AppData\Local\Microsoft\WindowsApps;C:\Users\Sveta\AppData\Local\Programs\Microsoft VS Code\bin;C:\Users\Sveta\AppData\Local\Android\Sdk\platform-tools;C:\Users\Sveta\Desktop\apache-maven-3.8.7\bin;C:\Users\Sveta\Desktop\chromedriver;C:\Users\Sveta\Desktop\allure-commandline-2.22.1\allure-2.22.1\bin;C:\Users\Sveta\AppData\Roaming\npm;C:\Users\Sveta\AppData\Local\Android\Sdk;;."/>
    <property name="java.vm.info" value="mixed mode, sharing"/>
    <property name="java.vendor" value="GraalVM Community"/>
    <property name="java.vm.version" value="11.0.14+9-jvmci-22.0-b05"/>
    <property name="sun.io.unicode.encoding" value="UnicodeLittle"/>
    <property name="java.class.version" value="55.0"/>
  </properties>
  <testcase name="createUniqueUser" classname="userTest.RegisterUserTest" time="0.61"/>
  <testcase name="createUserExistingData" classname="userTest.RegisterUserTest" time="0.827"/>
  <testcase name="createUserWithoutEmailError" classname="userTest.RegisterUserTest" time="1.041"/>
  <testcase name="createUserWithoutNameError" classname="userTest.RegisterUserTest" time="0.245"/>
  <testcase name="createUserWithoutPasswordError" classname="userTest.RegisterUserTest" time="0.296"/>
</testsuite>